apps/build/outputs/logs/manifest-merger-debug-report.txt
-- Merging decision tree log ---
manifest
ADDED from src/main/AndroidManifest.xml:16:1-46:12
	package
		ADDED from src/main/AndroidManifest.xml:17:5-53
		INJECTED from src/main/AndroidManifest.xml
		INJECTED from src/main/AndroidManifest.xml
	android:versionName
		INJECTED from src/main/AndroidManifest.xml
		INJECTED from src/main/AndroidManifest.xml
	xmlns:android
		ADDED from src/main/AndroidManifest.xml:16:11-69
	android:versionCode
		INJECTED from src/main/AndroidManifest.xml
		INJECTED from src/main/AndroidManifest.xml
uses-permission#android.permission.INTERNET
ADDED from src/main/AndroidManifest.xml:19:5-67
	android:name
		ADDED from src/main/AndroidManifest.xml:19:22-64
uses-permission#android.permission.ACCESS_NETWORK_STATE
ADDED from src/main/AndroidManifest.xml:20:5-79
	android:name
		ADDED from src/main/AndroidManifest.xml:20:22-76
application
ADDED from src/main/AndroidManifest.xml:23:5-45:19
MERGED from [com.google.android.things.contrib:driver-rainbowhat:0.5] AndroidManifest.xml:26:5-30:19
MERGED from [com.google.android.things.contrib:driver-apa102:0.3] AndroidManifest.xml:26:5-28:19
MERGED from [com.google.android.things.contrib:driver-button:0.3] AndroidManifest.xml:26:5-28:19
MERGED from [com.google.android.things.contrib:driver-bmx280:0.2] AndroidManifest.xml:26:5-28:19
MERGED from [com.google.android.things.contrib:driver-ht16k33:0.3] AndroidManifest.xml:26:5-28:19
MERGED from [com.google.android.things.contrib:driver-pwmspeaker:0.2] AndroidManifest.xml:26:5-28:19
MERGED from [com.google.android.things.contrib:driver-pwmservo:0.2] AndroidManifest.xml:26:5-28:19
MERGED from [com.android.support:appcompat-v7:25.4.0] AndroidManifest.xml:25:5-29:19
MERGED from [com.android.support:support-v4:25.4.0] AndroidManifest.xml:25:5-29:19
MERGED from [com.android.support:support-fragment:25.4.0] AndroidManifest.xml:25:5-29:19
MERGED from [com.android.support:support-media-compat:25.4.0] AndroidManifest.xml:25:5-29:19
MERGED from [com.android.support:support-core-utils:25.4.0] AndroidManifest.xml:25:5-29:19
MERGED from [com.android.support:animated-vector-drawable:25.4.0] AndroidManifest.xml:22:5-26:19
MERGED from [com.android.support:support-vector-drawable:25.4.0] AndroidManifest.xml:22:5-26:19
MERGED from [com.android.support:support-core-ui:25.4.0] AndroidManifest.xml:25:5-29:19
MERGED from [com.android.support:support-compat:25.4.0] AndroidManifest.xml:25:5-29:19
MERGED from [com.android.support.constraint:constraint-layout:1.0.2] AndroidManifest.xml:9:5-20
	android:label
		ADDED from src/main/AndroidManifest.xml:26:9-28
	android:allowBackup
		ADDED from src/main/AndroidManifest.xml:24:9-35
	android:icon
		ADDED from src/main/AndroidManifest.xml:25:9-58
uses-library#com.google.android.things
ADDED from src/main/AndroidManifest.xml:27:9-66
MERGED from [com.google.android.things.contrib:driver-rainbowhat:0.5] AndroidManifest.xml:27:9-29:40
MERGED from [com.google.android.things.contrib:driver-apa102:0.3] AndroidManifest.xml:27:9-66
MERGED from [com.google.android.things.contrib:driver-button:0.3] AndroidManifest.xml:27:9-66
MERGED from [com.google.android.things.contrib:driver-bmx280:0.2] AndroidManifest.xml:27:9-66
MERGED from [com.google.android.things.contrib:driver-ht16k33:0.3] AndroidManifest.xml:27:9-66
MERGED from [com.google.android.things.contrib:driver-pwmspeaker:0.2] AndroidManifest.xml:27:9-66
MERGED from [com.google.android.things.contrib:driver-pwmservo:0.2] AndroidManifest.xml:27:9-66
	android:name
		ADDED from src/main/AndroidManifest.xml:27:23-63
activity#com.google.androidthings.education.mtg.MainActivity
ADDED from src/main/AndroidManifest.xml:29:9-44:20
	android:name
		ADDED from src/main/AndroidManifest.xml:29:19-47
intent-filter#android.intent.action.MAIN+android.intent.category.LAUNCHER
ADDED from src/main/AndroidManifest.xml:30:13-34:29
action#android.intent.action.MAIN
ADDED from src/main/AndroidManifest.xml:31:17-69
	android:name
		ADDED from src/main/AndroidManifest.xml:31:25-66
category#android.intent.category.LAUNCHER
ADDED from src/main/AndroidManifest.xml:33:17-77
	android:name
		ADDED from src/main/AndroidManifest.xml:33:27-74
intent-filter#android.intent.action.MAIN+android.intent.category.DEFAULT+android.intent.category.IOT_LAUNCHER
ADDED from src/main/AndroidManifest.xml:38:13-42:29
category#android.intent.category.IOT_LAUNCHER
ADDED from src/main/AndroidManifest.xml:40:17-80
	android:name
		ADDED from src/main/AndroidManifest.xml:40:27-78
category#android.intent.category.DEFAULT
ADDED from src/main/AndroidManifest.xml:41:17-75
	android:name
		ADDED from src/main/AndroidManifest.xml:41:27-73
uses-sdk
INJECTED from src/main/AndroidManifest.xml reason: use-sdk injection requested
MERGED from [com.google.android.things.contrib:driver-rainbowhat:0.5] AndroidManifest.xml:22:5-24:41
MERGED from [com.google.android.things.contrib:driver-apa102:0.3] AndroidManifest.xml:22:5-24:41
MERGED from [com.google.android.things.contrib:driver-button:0.3] AndroidManifest.xml:22:5-24:41
MERGED from [com.google.android.things.contrib:driver-bmx280:0.2] AndroidManifest.xml:22:5-24:41
MERGED from [com.google.android.things.contrib:driver-ht16k33:0.3] AndroidManifest.xml:22:5-24:41
MERGED from [com.google.android.things.contrib:driver-pwmspeaker:0.2] AndroidManifest.xml:22:5-24:41
MERGED from [com.google.android.things.contrib:driver-pwmservo:0.2] AndroidManifest.xml:22:5-24:41
MERGED from [com.android.support:appcompat-v7:25.4.0] AndroidManifest.xml:21:5-23:78
MERGED from [com.android.support:support-v4:25.4.0] AndroidManifest.xml:21:5-23:54
MERGED from [com.android.support:support-fragment:25.4.0] AndroidManifest.xml:21:5-23:60
MERGED from [com.android.support:support-media-compat:25.4.0] AndroidManifest.xml:21:5-23:63
MERGED from [com.android.support:support-core-utils:25.4.0] AndroidManifest.xml:21:5-23:61
MERGED from [com.android.support:animated-vector-drawable:25.4.0] AndroidManifest.xml:20:5-44
MERGED from [com.android.support:support-vector-drawable:25.4.0] AndroidManifest.xml:20:5-43
MERGED from [com.android.support:support-core-ui:25.4.0] AndroidManifest.xml:21:5-23:58
MERGED from [com.android.support:support-compat:25.4.0] AndroidManifest.xml:21:5-23:58
MERGED from [com.android.support.constraint:constraint-layout:1.0.2] AndroidManifest.xml:5:5-7:41
	tools:overrideLibrary
		ADDED from [com.android.support:appcompat-v7:25.4.0] AndroidManifest.xml:23:9-75
	android:targetSdkVersion
		INJECTED from src/main/AndroidManifest.xml
		INJECTED from src/main/AndroidManifest.xml
	android:minSdkVersion
		INJECTED from src/main/AndroidManifest.xml
		INJECTED from src/main/AndroidManifest.xml
meta-data#android.support.VERSION
ADDED from [com.android.support:appcompat-v7:25.4.0] AndroidManifest.xml:26:9-28:38
MERGED from [com.android.support:support-v4:25.4.0] AndroidManifest.xml:26:9-28:38
MERGED from [com.android.support:support-fragment:25.4.0] AndroidManifest.xml:26:9-28:38
MERGED from [com.android.support:support-media-compat:25.4.0] AndroidManifest.xml:26:9-28:38
MERGED from [com.android.support:support-core-utils:25.4.0] AndroidManifest.xml:26:9-28:38
MERGED from [com.android.support:animated-vector-drawable:25.4.0] AndroidManifest.xml:23:9-25:38
MERGED from [com.android.support:support-vector-drawable:25.4.0] AndroidManifest.xml:23:9-25:38
MERGED from [com.android.support:support-core-ui:25.4.0] AndroidManifest.xml:26:9-28:38
MERGED from [com.android.support:support-compat:25.4.0] AndroidManifest.xml:26:9-28:38
	android:value
		ADDED from [com.android.support:appcompat-v7:25.4.0] AndroidManifest.xml:28:13-35
	android:name
		ADDED from [com.android.support:appcompat-v7:25.4.0] AndroidManifest.xml:27:13-51